<?xml version="1.0" encoding="UTF-8"?>
<!-- Generated by org.testng.reporters.JUnitReportReporter -->
<testsuite hostname="nblap247" name="com.unimoni.selenium.DragAndDrop12" tests="1" failures="0" timestamp="3 Jan 2020 10:23:06 GMT" time="17.135" errors="0">
  <testcase name="dragAndDropEx" time="17.135" classname="com.unimoni.selenium.DragAndDrop12"/>
</testsuite> <!-- com.unimoni.selenium.DragAndDrop12 -->
