<?xml version="1.0" encoding="UTF-8"?>
<!-- Generated by org.testng.reporters.JUnitReportReporter -->
<testsuite hostname="nblap247" name="com.unimoni.selenium.RadioButtonExample6" tests="1" failures="0" timestamp="2 Jan 2020 16:20:44 GMT" time="18.371" errors="0">
  <testcase name="radio" time="18.371" classname="com.unimoni.selenium.RadioButtonExample6"/>
</testsuite> <!-- com.unimoni.selenium.RadioButtonExample6 -->
