<?xml version="1.0" encoding="UTF-8"?>
<!-- Generated by org.testng.reporters.JUnitReportReporter -->
<testsuite hostname="nblap247" name="com.unimoni.testng.PriorityExample6" tests="3" failures="0" timestamp="3 Jan 2020 13:28:04 GMT" time="0.009" errors="0">
  <testcase name="article" time="0.001" classname="com.unimoni.testng.PriorityExample6"/>
  <testcase name="composeMail" time="0.008" classname="com.unimoni.testng.PriorityExample6"/>
  <testcase name="loginTest" time="0.000" classname="com.unimoni.testng.PriorityExample6"/>
</testsuite> <!-- com.unimoni.testng.PriorityExample6 -->
