<?xml version="1.0" encoding="UTF-8"?>
<!-- Generated by org.testng.reporters.JUnitReportReporter -->
<testsuite hostname="nblap247" name="com.unimoni.selenium.WindowsExample14" tests="1" failures="0" timestamp="3 Jan 2020 10:36:34 GMT" time="71.521" errors="0">
  <testcase name="TestAlerts" time="71.521" classname="com.unimoni.selenium.WindowsExample14"/>
</testsuite> <!-- com.unimoni.selenium.WindowsExample14 -->
