<?xml version="1.0" encoding="UTF-8"?>
<!-- Generated by org.testng.reporters.JUnitReportReporter -->
<testsuite hostname="nblap247" name="com.unimoni.testng.DataProviderExample5" tests="2" failures="0" timestamp="3 Jan 2020 13:11:28 GMT" time="19.467" errors="0">
  <testcase name="login" time="9.640" classname="com.unimoni.testng.DataProviderExample5"/>
  <testcase name="login" time="9.827" classname="com.unimoni.testng.DataProviderExample5"/>
</testsuite> <!-- com.unimoni.testng.DataProviderExample5 -->
