<?xml version="1.0" encoding="UTF-8"?>
<!-- Generated by org.testng.reporters.JUnitReportReporter -->
<testsuite hostname="nblap247" name="com.unimoni.testng.ParallelMethods8" tests="2" failures="0" timestamp="3 Jan 2020 15:54:00 GMT" time="13.597" errors="0">
  <testcase name="googleSearch_one" time="7.570" classname="com.unimoni.testng.ParallelMethods8"/>
  <testcase name="gmail" time="6.027" classname="com.unimoni.testng.ParallelMethods8"/>
</testsuite> <!-- com.unimoni.testng.ParallelMethods8 -->
