<?xml version="1.0" encoding="UTF-8"?>
<!-- Generated by org.testng.reporters.JUnitReportReporter -->
<testsuite hostname="nblap247" name="com.unimoni.testng.GroupsExample2" tests="1" failures="0" timestamp="3 Jan 2020 12:47:41 GMT" time="0.009" errors="0">
  <testcase name="composeMail" time="0.009" classname="com.unimoni.testng.GroupsExample2"/>
</testsuite> <!-- com.unimoni.testng.GroupsExample2 -->
