<?xml version="1.0" encoding="UTF-8"?>
<!-- Generated by org.testng.reporters.JUnitReportReporter -->
<testsuite hostname="nblap247" name="com.unimoni.testng.First" tests="2" failures="0" timestamp="3 Jan 2020 12:58:46 GMT" time="0.005" errors="0">
  <testcase name="g" time="0.001" classname="com.unimoni.testng.First"/>
  <testcase name="f" time="0.004" classname="com.unimoni.testng.First"/>
</testsuite> <!-- com.unimoni.testng.First -->
