<?xml version="1.0" encoding="UTF-8"?>
<!-- Generated by org.testng.reporters.JUnitReportReporter -->
<testsuite hostname="nblap247" name="com.unimoni.testng.Invocation3" tests="7" failures="0" timestamp="3 Jan 2020 12:52:23 GMT" time="0.017" errors="0">
  <testcase name="loginTest" time="0.001" classname="com.unimoni.testng.Invocation3"/>
  <testcase name="loginTest" time="0.002" classname="com.unimoni.testng.Invocation3"/>
  <testcase name="loginTest" time="0.001" classname="com.unimoni.testng.Invocation3"/>
  <testcase name="loginTest" time="0.001" classname="com.unimoni.testng.Invocation3"/>
  <testcase name="loginTest" time="0.002" classname="com.unimoni.testng.Invocation3"/>
  <testcase name="loginTest" time="0.008" classname="com.unimoni.testng.Invocation3"/>
  <testcase name="loginTest" time="0.002" classname="com.unimoni.testng.Invocation3"/>
</testsuite> <!-- com.unimoni.testng.Invocation3 -->
