<?xml version="1.0" encoding="UTF-8"?>
<!-- Generated by org.testng.reporters.JUnitReportReporter -->
<testsuite hostname="nblap247" name="com.unimoni.testng.Second" tests="2" failures="0" timestamp="3 Jan 2020 12:58:46 GMT" time="0.004" errors="0">
  <testcase name="f" time="0.002" classname="com.unimoni.testng.Second"/>
  <testcase name="g" time="0.002" classname="com.unimoni.testng.Second"/>
</testsuite> <!-- com.unimoni.testng.Second -->
