<?xml version="1.0" encoding="UTF-8"?>
<!-- Generated by org.testng.reporters.JUnitReportReporter -->
<testsuite hostname="nblap247" name="com.unimoni.selenium.ElementsOperations5" tests="1" failures="0" timestamp="2 Jan 2020 16:21:14 GMT" time="16.944" errors="0">
  <testcase name="main" time="16.944" classname="com.unimoni.selenium.ElementsOperations5"/>
</testsuite> <!-- com.unimoni.selenium.ElementsOperations5 -->
