<?xml version="1.0" encoding="UTF-8"?>
<!-- Generated by org.testng.reporters.JUnitReportReporter -->
<testsuite hostname="nblap247" name="com.unimoni.testng.ParellalExample8" tests="2" failures="0" timestamp="3 Jan 2020 13:49:32 GMT" time="12.076" errors="0">
  <testcase name="googleSearch_one" time="5.821" classname="com.unimoni.testng.ParellalExample8"/>
  <testcase name="googleSearch_one" time="6.255" classname="com.unimoni.testng.ParellalExample8"/>
</testsuite> <!-- com.unimoni.testng.ParellalExample8 -->
